code/GaoRenZhiLu/proguard/seeds.txt
com.itbox.grzl.Api
com.itbox.grzl.Api$Common
com.itbox.grzl.Api$Consultation
com.itbox.grzl.Api$Event
com.itbox.grzl.Api$Online
com.itbox.grzl.Api$Pay
com.itbox.grzl.Api$User
com.itbox.grzl.BuildConfig
com.itbox.grzl.Extra
com.itbox.grzl.R
com.itbox.grzl.R$anim
com.itbox.grzl.R$anim: int anticlockwise
com.itbox.grzl.R$anim: int clockwise
com.itbox.grzl.R$anim: int plugin_hide
com.itbox.grzl.R$anim: int plugin_hide_top
com.itbox.grzl.R$anim: int plugin_show
com.itbox.grzl.R$anim: int push_bottom_in
com.itbox.grzl.R$anim: int push_bottom_out
com.itbox.grzl.R$anim: int slide_in_from_bottom
com.itbox.grzl.R$anim: int slide_in_from_top
com.itbox.grzl.R$anim: int slide_left_in
com.itbox.grzl.R$anim: int slide_left_out
com.itbox.grzl.R$anim: int slide_out_to_bottom
com.itbox.grzl.R$anim: int slide_out_to_top
com.itbox.grzl.R$anim: int slide_right_in
com.itbox.grzl.R$anim: int slide_right_out
com.itbox.grzl.R$anim: int splash_anim
com.itbox.grzl.R$attr
com.itbox.grzl.R$attr: int cellBgType
com.itbox.grzl.R$attr: int cellType
com.itbox.grzl.R$attr: int layout
com.itbox.grzl.R$attr: int leftText
com.itbox.grzl.R$attr: int ptrAdapterViewBackground
com.itbox.grzl.R$attr: int ptrAnimationStyle
com.itbox.grzl.R$attr: int ptrDrawable
com.itbox.grzl.R$attr: int ptrDrawableBottom
com.itbox.grzl.R$attr: int ptrDrawableEnd
com.itbox.grzl.R$attr: int ptrDrawableStart
com.itbox.grzl.R$attr: int ptrDrawableTop
com.itbox.grzl.R$attr: int ptrHeaderBackground
com.itbox.grzl.R$attr: int ptrHeaderSubTextColor
com.itbox.grzl.R$attr: int ptrHeaderTextAppearance
com.itbox.grzl.R$attr: int ptrHeaderTextColor
com.itbox.grzl.R$attr: int ptrListViewExtrasEnabled
com.itbox.grzl.R$attr: int ptrMode
com.itbox.grzl.R$attr: int ptrOverScroll
com.itbox.grzl.R$attr: int ptrRefreshableViewBackground
com.itbox.grzl.R$attr: int ptrRotateDrawableWhilePulling
com.itbox.grzl.R$attr: int ptrScrollingWhileRefreshingEnabled
com.itbox.grzl.R$attr: int ptrShowIndicator
com.itbox.grzl.R$attr: int ptrSubHeaderTextAppearance
com.itbox.grzl.R$attr: int rightText
com.itbox.grzl.R$color
com.itbox.grzl.R$color: int black_80
com.itbox.grzl.R$color: int black_t
com.itbox.grzl.R$color: int blue_bar
com.itbox.grzl.R$color: int blue_button
com.itbox.grzl.R$color: int blue_button_hover
com.itbox.grzl.R$color: int blue_green
com.itbox.grzl.R$color: int blue_text
com.itbox.grzl.R$color: int carmine_button
com.itbox.grzl.R$color: int carmine_button_hover
com.itbox.grzl.R$color: int carmine_text
com.itbox.grzl.R$color: int gray_background
com.itbox.grzl.R$color: int gray_c8
com.itbox.grzl.R$color: int gray_e4
com.itbox.grzl.R$color: int gray_e8
com.itbox.grzl.R$color: int gray_header
com.itbox.grzl.R$color: int gray_hover
com.itbox.grzl.R$color: int gray_stroke
com.itbox.grzl.R$color: int gray_text
com.itbox.grzl.R$color: int green_text
com.itbox.grzl.R$color: int light_blue
com.itbox.grzl.R$color: int orange_button
com.itbox.grzl.R$color: int orange_hover
com.itbox.grzl.R$color: int red
com.itbox.grzl.R$color: int red_background
com.itbox.grzl.R$color: int red_text
com.itbox.grzl.R$color: int selector_color_black
com.itbox.grzl.R$color: int selector_color_black_white
com.itbox.grzl.R$color: int selector_color_gary
com.itbox.grzl.R$color: int selector_color_gary_white
com.itbox.grzl.R$color: int selector_color_white_gray
com.itbox.grzl.R$color: int smalt_button
com.itbox.grzl.R$color: int smalt_button_hover
com.itbox.grzl.R$color: int smalt_titlebar
com.itbox.grzl.R$color: int tag_blue
com.itbox.grzl.R$color: int tag_green
...
android.support.v4.text.ICUCompat$ICUCompatImpl
android.support.v4.text.ICUCompat$ICUCompatImplBase
android.support.v4.text.ICUCompat$ICUCompatImplIcs
android.support.v4.text.ICUCompatIcs
android.support.v4.text.TextDirectionHeuristicCompat
android.support.v4.text.TextDirectionHeuristicsCompat
android.support.v4.text.TextDirectionHeuristicsCompat$1
android.support.v4.text.TextDirectionHeuristicsCompat$AnyStrong
android.support.v4.text.TextDirectionHeuristicsCompat$FirstStrong
android.support.v4.text.TextDirectionHeuristicsCompat$TextDirectionAlgorithm
android.support.v4.text.TextDirectionHeuristicsCompat$TextDirectionHeuristicImpl
android.support.v4.text.TextDirectionHeuristicsCompat$TextDirectionHeuristicInternal
android.support.v4.text.TextDirectionHeuristicsCompat$TextDirectionHeuristicLocale
android.support.v4.text.TextUtilsCompat
android.support.v4.util.ArrayMap
android.support.v4.util.ArrayMap$1
android.support.v4.util.AtomicFile
android.support.v4.util.ContainerHelpers
android.support.v4.util.DebugUtils
android.support.v4.util.LogWriter
android.support.v4.util.LongSparseArray
android.support.v4.util.LruCache
android.support.v4.util.MapCollections
android.support.v4.util.MapCollections$ArrayIterator
android.support.v4.util.MapCollections$EntrySet
android.support.v4.util.MapCollections$KeySet
android.support.v4.util.MapCollections$MapIterator
android.support.v4.util.MapCollections$ValuesCollection
android.support.v4.util.SimpleArrayMap
android.support.v4.util.SparseArrayCompat
android.support.v4.util.TimeUtils
android.support.v4.view.AccessibilityDelegateCompat
android.support.v4.view.AccessibilityDelegateCompat$AccessibilityDelegateIcsImpl
android.support.v4.view.AccessibilityDelegateCompat$AccessibilityDelegateIcsImpl$1
android.support.v4.view.AccessibilityDelegateCompat$AccessibilityDelegateImpl
android.support.v4.view.AccessibilityDelegateCompat$AccessibilityDelegateJellyBeanImpl
android.support.v4.view.AccessibilityDelegateCompat$AccessibilityDelegateJellyBeanImpl$1
android.support.v4.view.AccessibilityDelegateCompat$AccessibilityDelegateStubImpl
android.support.v4.view.AccessibilityDelegateCompatIcs
android.support.v4.view.AccessibilityDelegateCompatIcs$1
android.support.v4.view.AccessibilityDelegateCompatIcs$AccessibilityDelegateBridge
android.support.v4.view.AccessibilityDelegateCompatJellyBean
android.support.v4.view.AccessibilityDelegateCompatJellyBean$1
android.support.v4.view.AccessibilityDelegateCompatJellyBean$AccessibilityDelegateBridgeJellyBean
android.support.v4.view.ActionProvider
android.support.v4.view.ActionProvider$SubUiVisibilityListener
android.support.v4.view.ActionProvider$VisibilityListener
android.support.v4.view.GestureDetectorCompat
android.support.v4.view.GestureDetectorCompat$GestureDetectorCompatImpl
android.support.v4.view.GestureDetectorCompat$GestureDetectorCompatImplBase
android.support.v4.view.GestureDetectorCompat$GestureDetectorCompatImplBase$GestureHandler
android.support.v4.view.GestureDetectorCompat$GestureDetectorCompatImplJellybeanMr2
android.support.v4.view.GravityCompat
android.support.v4.view.GravityCompat$GravityCompatImpl
android.support.v4.view.GravityCompat$GravityCompatImplBase
android.support.v4.view.GravityCompat$GravityCompatImplJellybeanMr1
android.support.v4.view.GravityCompatJellybeanMr1
android.support.v4.view.KeyEventCompat
android.support.v4.view.KeyEventCompat$BaseKeyEventVersionImpl
android.support.v4.view.KeyEventCompat$EclairKeyEventVersionImpl
android.support.v4.view.KeyEventCompat$HoneycombKeyEventVersionImpl
android.support.v4.view.KeyEventCompat$KeyEventVersionImpl
android.support.v4.view.KeyEventCompatEclair
android.support.v4.view.KeyEventCompatHoneycomb
android.support.v4.view.MarginLayoutParamsCompat
android.support.v4.view.MarginLayoutParamsCompat$MarginLayoutParamsCompatImpl
android.support.v4.view.MarginLayoutParamsCompat$MarginLayoutParamsCompatImplBase
android.support.v4.view.MarginLayoutParamsCompat$MarginLayoutParamsCompatImplJbMr1