code/GaoRenZhiLu/proguard/usage.txt
com.itbox.grzl.Api:
    private static final java.lang.String API_HOST
    private static final java.lang.String CODE_HOST
    private static final java.lang.String IMAGE_HOST
    public static final int PAGE_SIZE
    public static final int PAGE_DEFAULT_INDEX
    public static final java.lang.String ImageDemen_100
    public static final java.lang.String ImageDemen_120_90
    public static final java.lang.String ImageDemen_240_180
    public static final java.lang.String ImageDemen_0
    8:8:public Api()
com.itbox.grzl.Api$Common
com.itbox.grzl.Api$Consultation
com.itbox.grzl.Api$Event
com.itbox.grzl.Api$Online
com.itbox.grzl.Api$Pay
com.itbox.grzl.Api$User
com.itbox.grzl.BuildConfig
com.itbox.grzl.Extra
com.itbox.grzl.R:
    10:10:public R()
com.itbox.grzl.R$anim
com.itbox.grzl.R$attr
com.itbox.grzl.R$color
com.itbox.grzl.R$dimen
com.itbox.grzl.R$drawable
com.itbox.grzl.R$id
com.itbox.grzl.R$layout
com.itbox.grzl.R$menu
com.itbox.grzl.R$string
com.itbox.grzl.R$style
com.itbox.grzl.R$styleable:
    1159:1159:public R$styleable()
com.itbox.grzl.Test
com.itbox.grzl.activity.BaseActivity:
    26:26:protected com.itbox.grzl.activity.BaseActivity getContext()
    60:61:protected void showToast(int)
com.itbox.grzl.activity.GuideActivity:
    public static final java.lang.String HAS_SHOW_GUIDE
com.itbox.grzl.activity.MainActivity:
    public static final int REQUESTCODE_PRIVATE
    public static final int REQUESTCODE_NOTICE
    public static final int REQUEST_CODE_CITY
com.itbox.grzl.activity.RegistEmailActivity:
    private static final int REQUEST_SELECT_SEX
    private static final int REQUEST_SELECT_BIRTHDAY
    private static final int REQUEST_SELECT_AREA
    private static final int REQUEST_SELECT_TYPE
com.itbox.grzl.activity.RegistPhoneResultActivity:
    private static final int REQUEST_SELECT_SEX
    private static final int REQUEST_SELECT_BIRTHDAY
    private static final int REQUEST_SELECT_AREA
    private static final int REQUEST_SELECT_TYPE
com.itbox.grzl.activity.ResetPassActivity
com.itbox.grzl.activity.SelectAbstractActivity:
    48:55:public void hide(boolean)
    68:69:public void hide()
    119:120:protected void setBackgroundView(android.view.View)
com.itbox.grzl.activity.SelectAddrActivity:
    private static final int STATE_PROVINCE
    private static final int STATE_CITY
    private static final int STATE_DISTRICT
com.itbox.grzl.activity.SelectAddrActivity$Extra
com.itbox.grzl.activity.SelectAddrWheelActivity
com.itbox.grzl.activity.SelectAddrWheelActivity$Extra
com.itbox.grzl.activity.SelectButton2Activity
com.itbox.grzl.activity.SelectButton2Activity$Extra
com.itbox.grzl.activity.SelectButton3Activity$Extra
com.itbox.grzl.activity.SelectCityActivity
com.itbox.grzl.activity.SelectCityActivity$1
com.itbox.grzl.activity.SelectCityActivity$1$1
com.itbox.grzl.activity.SelectCityActivity$2
com.itbox.grzl.activity.SelectCityActivity$Extra
com.itbox.grzl.activity.SelectCityActivity$LetterListViewListener
com.itbox.grzl.activity.SelectCityActivity$ListAdapter
com.itbox.grzl.activity.SelectCityActivity$ListAdapter$ViewHolder
com.itbox.grzl.activity.SelectCityActivity$OverlayThread
com.itbox.grzl.activity.SelectDateActivity$Extra
com.itbox.grzl.activity.SelectDoubleHourActivity
com.itbox.grzl.activity.SelectDoubleHourActivity$Extra
com.itbox.grzl.activity.SelectDoubleNumberActivity
com.itbox.grzl.activity.SelectDoubleNumberActivity$Extra
com.itbox.grzl.activity.SelectSingleWheelActivity
com.itbox.grzl.activity.SelectSingleWheelActivity$Extra
com.itbox.grzl.activity.SelectThreeNumberActivity
com.itbox.grzl.activity.SelectThreeNumberActivity$Extra
com.itbox.grzl.activity.SelectTimeHalfHourActivity
com.itbox.grzl.activity.SelectTimeHalfHourActivity$Extra
com.itbox.grzl.activity.SelectTimeMinuteActivity
com.itbox.grzl.activity.SelectTimeMinuteActivity$Extra
com.itbox.grzl.activity.SplashActivity:
    private static final int DELAY_TIME
    private static final int REQUEST_SHOW_GUIDE
...
android.support.v7.app.ActionBarActivityDelegateICS
android.support.v7.app.ActionBarActivityDelegateICS$WindowCallbackWrapper
android.support.v7.app.ActionBarActivityDelegateJB
android.support.v7.app.ActionBarImplBase
android.support.v7.app.ActionBarImplBase$ActionModeImpl
android.support.v7.app.ActionBarImplBase$TabImpl
android.support.v7.app.ActionBarImplHC
android.support.v7.app.ActionBarImplHC$CallbackWrapper
android.support.v7.app.ActionBarImplICS
android.support.v7.app.ActionBarImplICS$OnMenuVisibilityListenerWrapper
android.support.v7.app.ActionBarImplICS$OnNavigationListenerWrapper
android.support.v7.app.ActionBarImplICS$TabWrapper
android.support.v7.app.ActionBarImplJB
android.support.v7.internal.view.ActionBarPolicy:
    79:79:public boolean enableHomeButtonByDefault()
android.support.v7.internal.view.ActionModeWrapper
android.support.v7.internal.view.ActionModeWrapper$CallbackWrapper
android.support.v7.internal.view.SupportMenuInflater
android.support.v7.internal.view.SupportMenuInflater$InflatedOnMenuItemClickListener
android.support.v7.internal.view.SupportMenuInflater$MenuState
android.support.v7.internal.view.menu.ActionMenuItem:
    private final int mCategoryOrder
    private static final int NO_ICON
    private static final int CHECKABLE
    private static final int CHECKED
    private static final int EXCLUSIVE
    private static final int HIDDEN
    private static final int ENABLED
    63:70:public ActionMenuItem(android.content.Context,int,int,int,int,java.lang.CharSequence)
    147:148:public android.support.v7.internal.view.menu.ActionMenuItem setExclusiveCheckable(boolean)
    215:224:public boolean invoke()
    256:256:public android.support.v4.view.ActionProvider getSupportActionProvider()
    261:261:public android.support.v4.internal.view.SupportMenuItem setSupportActionProvider(android.support.v4.view.ActionProvider)
    293:293:public android.support.v4.internal.view.SupportMenuItem setSupportOnActionExpandListener(android.support.v4.view.MenuItemCompat$OnActionExpandListener)
android.support.v7.internal.view.menu.ActionMenuItemView:
    private static final java.lang.String TAG
    56:57:public ActionMenuItemView(android.content.Context)
    60:61:public ActionMenuItemView(android.content.Context,android.util.AttributeSet)
    64:80:public ActionMenuItemView(android.content.Context,android.util.AttributeSet,int)
    155:155:public void setShortcut(boolean,char)
    165:165:public boolean showsIcon()
android.support.v7.internal.view.menu.ActionMenuItemView$AllCapsTransformationMethod
android.support.v7.internal.view.menu.ActionMenuPresenter:
    private static final java.lang.String TAG
    76:77:public ActionMenuPresenter(android.content.Context)
    136:138:public void setReserveOverflow(boolean)
    366:366:public boolean isOverflowReserved()
    512:514:public android.os.Parcelable onSaveInstanceState()
    519:527:public void onRestoreInstanceState(android.os.Parcelable)
    531:537:public void onSubUiVisibilityChanged(boolean)
android.support.v7.internal.view.menu.ActionMenuPresenter$1
android.support.v7.internal.view.menu.ActionMenuPresenter$PopupPresenterCallback:
    634:634:private ActionMenuPresenter$PopupPresenterCallback(android.support.v7.internal.view.menu.ActionMenuPresenter)
    634:634:synthetic ActionMenuPresenter$PopupPresenterCallback(android.support.v7.internal.view.menu.ActionMenuPresenter,android.support.v7.internal.view.menu.ActionMenuPresenter$1)
android.support.v7.internal.view.menu.ActionMenuView:
    private static final java.lang.String TAG
    static final int MIN_CELL_SIZE
    static final int GENERATED_ITEM_PADDING
    54:55:public ActionMenuView(android.content.Context)
    58:68:public ActionMenuView(android.content.Context,android.util.AttributeSet)
    75:75:public boolean isExpandedFormat()
    500:500:public boolean isOverflowReserved()